.CODE
 PUSH main
 CALL
 HALT
Lmalloc:
 LOADFP 
 LOADSP
 STOREFP
 LOADHL
 DUP
 PUSH 1
 ADD
 STORE 4
 LOAD 3
 ADD
 STOREHL
 STOREFP
 RET 1
.DATA
VT_A:
 DW m1, setall
VT_B:
 DW m1, setall, seta4, m2
VT_Init:
 NOP
VT_Object:
 NOP
VT_String:
 NOP
VT_System:
 NOP
.CODE
 m1:
 LOADFP
 LOADSP
 STOREFP
 LOAD 3 ;Apilo this
 LOADREF 1
 PUSH debugPrint
 CALL
 LOAD 3 ;Apilo this
 LOADREF 2
 PUSH debugPrint
 CALL
 LOAD 3 ;Apilo this
 LOADREF 3
 PUSH printSln
 CALL
 FMEM 0
 STOREFP
 RET 1
  
 setall:
 LOADFP
 LOADSP
 STOREFP
 LOAD 4
 LOAD 3 ;Apilo this
 SWAP
 STOREREF 1
 LOAD 3 ;Apilo this
 LOADREF 1
 PUSH 2
 MUL
 LOAD 3 ;Apilo this
 SWAP
 STOREREF 2
.DATA
 etiquetaString0: DW "hola", 0
.CODE
 PUSH etiquetaString0
 LOAD 3 ;Apilo this
 SWAP
 STOREREF 3
 FMEM 0
 STOREFP
 RET 2
  
 A:
 LOADFP
 LOADSP
 STOREFP
 STOREFP
 RET 1
 seta4:
 LOADFP
 LOADSP
 STOREFP
 PUSH 4000
 LOAD 3 ;Apilo this
 SWAP
 STOREREF 4
 PUSH 55
 LOAD 3 ;Apilo this
 SWAP
 STOREREF 5
 FMEM 0
 STOREFP
 RET 1
  
 m2:
 LOADFP
 LOADSP
 STOREFP
 LOAD 3 ;Apilo this
 LOADREF 4
 PUSH debugPrint
 CALL
 LOAD 3 ;Apilo this
 LOADREF 5
 PUSH debugPrint
 CALL
 FMEM 0
 STOREFP
 RET 1
  
 B:
 LOADFP
 LOADSP
 STOREFP
 STOREFP
 RET 1
 main:
 LOADFP
 LOADSP
 STOREFP
 RMEM 1
 RMEM 1
 PUSH 6
 PUSH Lmalloc
 CALL
 DUP
 PUSH VT_B
 STOREREF 0
 DUP
 PUSH B
 CALL
 STORE 0
 LOAD 0
 DUP 
 LOADREF 0
 LOADREF 2
 CALL
 LOAD 0
 PUSH 1234
 SWAP
 DUP 
 LOADREF 0
 LOADREF 1
 CALL
 LOAD 0
 DUP 
 LOADREF 0
 LOADREF 0
 CALL
 LOAD 0
 DUP 
 LOADREF 0
 LOADREF 3
 CALL
 FMEM 1
 STOREFP
 RET 0
  
 Init:
 LOADFP
 LOADSP
 STOREFP
 STOREFP
 RET 1
 debugPrint:
 LOADFP
 LOADSP
 STOREFP
 LOAD 3
 IPRINT
 PRNLN
 STOREFP
 RET 1
  
 Object:
 LOADFP
 LOADSP
 STOREFP
 STOREFP
 RET 1
 String:
 LOADFP
 LOADSP
 STOREFP
 STOREFP
 RET 1
 printC:
 LOADFP
 LOADSP
 STOREFP
 LOAD 3
 CPRINT
 STOREFP
 RET 1
  
 printS:
 LOADFP
 LOADSP
 STOREFP
 LOAD 3
 SPRINT
 STOREFP
 RET 1
  
 println:
 LOADFP
 LOADSP
 STOREFP
 IPRINT
 PRNLN
 STOREFP
 RET 0
  
 printCln:
 LOADFP
 LOADSP
 STOREFP
 LOAD 3
 CPRINT
 PRNLN
 STOREFP
 RET 1
  
 printSln:
 LOADFP
 LOADSP
 STOREFP
 LOAD 3
 SPRINT
 PRNLN
 STOREFP
 RET 1
  
 read:
 LOADFP
 LOADSP
 STOREFP
 READ
 STOREFP
 RET 1
  
 printB:
 LOADFP
 LOADSP
 STOREFP
 LOAD 3
 BPRINT
 STOREFP
 RET 1
  
 printIln:
 LOADFP
 LOADSP
 STOREFP
 LOAD 3
 IPRINT
 PRNLN
 STOREFP
 RET 1
  
 printI:
 LOADFP
 LOADSP
 STOREFP
 LOAD 3
 IPRINT
 STOREFP
 RET 1
  
 printBln:
 LOADFP
 LOADSP
 STOREFP
 LOAD 3
 BPRINT
 PRNLN
 STOREFP
 RET 1
  
 System:
 LOADFP
 LOADSP
 STOREFP
 STOREFP
 RET 1
