.CODE
 PUSH main
 CALL
 HALT
Lmalloc:
 LOADFP 
 LOADSP
 STOREFP
 LOADHL
 DUP
 PUSH 1
 ADD
 STORE 4
 LOAD 3
 ADD
 STOREHL
 STOREFP
 RET 1
.DATA
VT_Init:
 DW debugPrint, main
VT_Object:
 DW debugPrint
VT_String:
 DW debugPrint
VT_System:
 DW printC, printS, println, printCln, printSln, read, printB, printIln, debugPrint, printI, printBln
.CODE
 main:
 LOADFP
 LOADSP
 STOREFP
 PUSH 1234
 PUSH debugPrint
 CALL
 FMEM 0
 STOREFP
 RET 0
 debugPrint:
 LOADFP
 LOADSP
 STOREFP
 LOAD 3
 IPRINT
 PRNLN
 STOREFP
 RET 1
 printC:
 LOADFP
 LOADSP
 STOREFP
 LOAD 3
 CPRINT
 STOREFP
 RET 1
 printS:
 LOADFP
 LOADSP
 STOREFP
 LOAD 3
 SPRINT
 STOREFP
 RET 1
 println:
 LOADFP
 LOADSP
 STOREFP
 IPRINT
 PRNLN
 STOREFP
 RET 0
 printCln:
 LOADFP
 LOADSP
 STOREFP
 LOAD 3
 CPRINT
 PRNLN
 STOREFP
 RET 1
 printSln:
 LOADFP
 LOADSP
 STOREFP
 LOAD 3
 SPRINT
 PRNLN
 STOREFP
 RET 1
 read:
 LOADFP
 LOADSP
 STOREFP
 READ
 STOREFP
 RET 1
 printB:
 LOADFP
 LOADSP
 STOREFP
 LOAD 3
 BPRINT
 STOREFP
 RET 1
 printIln:
 LOADFP
 LOADSP
 STOREFP
 LOAD 3
 IPRINT
 PRNLN
 STOREFP
 RET 1
 printI:
 LOADFP
 LOADSP
 STOREFP
 LOAD 3
 IPRINT
 STOREFP
 RET 1
 printBln:
 LOADFP
 LOADSP
 STOREFP
 LOAD 3
 BPRINT
 PRNLN
 STOREFP
 RET 1
